<?xml version="1.0" encoding="UTF-8"?>
<!-- Generated by org.testng.reporters.JUnitReportReporter -->
<testsuite hostname="DESKTOP-1DFEJPG" failures="0" tests="3" name="tests.PutPatchDelete" time="3.251" errors="0" timestamp="2024-06-12T22:50:51 EDT" skipped="0">
  <testcase classname="tests.PutPatchDelete" name="testPatch" time="0.378"/>
  <testcase classname="tests.PutPatchDelete" name="testPut" time="0.269"/>
  <testcase classname="tests.PutPatchDelete" name="testDelte" time="2.604"/>
</testsuite> <!-- tests.PutPatchDelete -->
