<?xml version="1.0" encoding="UTF-8"?>
<!-- Generated by org.testng.reporters.JUnitReportReporter -->
<testsuite hostname="DESKTOP-1DFEJPG" failures="0" tests="1" name="tests.JSONSchemaValidator" time="3.365" errors="0" timestamp="2024-06-13T00:39:48 EDT" skipped="0">
  <testcase classname="tests.JSONSchemaValidator" name="get" time="3.365"/>
</testsuite> <!-- tests.JSONSchemaValidator -->
