<?xml version="1.0" encoding="UTF-8"?>
<!-- Generated by org.testng.reporters.JUnitReportReporter -->
<testsuite hostname="DESKTOP-1DFEJPG" failures="0" tests="1" name="tests.GetAndPostExamples" time="3.021" errors="0" timestamp="2024-06-26T22:24:53 EDT" skipped="0">
  <testcase classname="tests.GetAndPostExamples" name="testPost" time="3.021"/>
</testsuite> <!-- tests.GetAndPostExamples -->
