<?xml version="1.0" encoding="UTF-8"?>
<!-- Generated by org.testng.reporters.JUnitReportReporter -->
<testsuite hostname="DESKTOP-1DFEJPG" failures="0" tests="2" name="tests.TestsExample" time="2.290" errors="0" timestamp="2024-06-12T20:59:04 EDT" skipped="0">
  <testcase classname="tests.TestsExample" name="test_1" time="0.074"/>
  <testcase classname="tests.TestsExample" name="test2" time="2.216"/>
</testsuite> <!-- tests.TestsExample -->
